build/app/intermediates/manifest_merge_blame_file/debug/manifest-merger-blame-debug-report.txt
1<?xml version="1.0" encoding="utf-8"?>
2<manifest xmlns:android="http://schemas.android.com/apk/res/android"
3    package="com.example.pietrario_sample_app"
4    android:versionCode="1"
5    android:versionName="1.0.0" >
6
7    <uses-sdk
8        android:minSdkVersion="24"
8-->src/debug/AndroidManifest.xml:8:15-41
9        android:targetSdkVersion="29" />
9-->src/main/AndroidManifest.xml
10    <!--
11         Flutter needs it to communicate with the running application
12         to allow setting breakpoints, to provide hot reload, etc.
13    -->
14    <uses-permission android:name="android.permission.INTERNET" />
14-->src/debug/AndroidManifest.xml:6:5-66
14-->src/debug/AndroidManifest.xml:6:22-64
15    <uses-permission android:name="android.permission.CAMERA" />
15-->src/debug/AndroidManifest.xml:7:5-65
15-->src/debug/AndroidManifest.xml:7:22-62
16
17    <uses-feature android:name="android.hardware.camera.ar" />
17-->src/debug/AndroidManifest.xml:9:5-63
17-->src/debug/AndroidManifest.xml:9:19-60
18    <!-- Sceneform requires OpenGL ES 3.0 or later. -->
19    <uses-feature
19-->[:arcore_flutter_plugin] AndroidManifest.xml:16:5-18:35
20        android:glEsVersion="0x00030000"
20-->[:arcore_flutter_plugin] AndroidManifest.xml:17:9-41
21        android:required="true" />
21-->[:arcore_flutter_plugin] AndroidManifest.xml:18:9-32
22    <!--
23 io.flutter.app.FlutterApplication is an android.app.Application that
24         calls FlutterMain.startInitialization(this); in its onCreate method.
25         In most cases you can leave this as-is, but you if you want to provide
26         additional functionality it is fine to subclass or reimplement
27         FlutterApplication and put your custom class here.
28    -->
29    <application
29-->src/main/AndroidManifest.xml:10:5-49:19
30        android:name="io.flutter.app.FlutterApplication"
30-->src/main/AndroidManifest.xml:11:9-57
31        android:appComponentFactory="androidx.core.app.CoreComponentFactory"
31-->[androidx.core:core:1.3.0-alpha01] AndroidManifest.xml:24:18-86
32        android:debuggable="true"
33        android:icon="@mipmap/ic_launcher"
33-->src/main/AndroidManifest.xml:13:9-43
34        android:label="pietrario_sample_app" >
34-->src/main/AndroidManifest.xml:12:9-45
35        <activity
35-->src/main/AndroidManifest.xml:15:9-43:20
36            android:name="com.example.pietrario_sample_app.MainActivity"
36-->src/main/AndroidManifest.xml:16:13-41
37            android:configChanges="orientation|keyboardHidden|keyboard|screenSize|smallestScreenSize|locale|layoutDirection|fontScale|screenLayout|density|uiMode"
37-->src/main/AndroidManifest.xml:19:13-163
38            android:hardwareAccelerated="true"
38-->src/main/AndroidManifest.xml:20:13-47
39            android:launchMode="singleTop"
39-->src/main/AndroidManifest.xml:17:13-43
40            android:theme="@style/LaunchTheme"
40-->src/main/AndroidManifest.xml:18:13-47
41            android:windowSoftInputMode="adjustResize" >
41-->src/main/AndroidManifest.xml:21:13-55
42
43            <!--
44                 Specifies an Android theme to apply to this Activity as soon as
45                 the Android process has started. This theme is visible to the user
46                 while the Flutter UI initializes. After that, this theme continues
47                 to determine the Window background behind the Flutter UI.
48            -->
49            <meta-data
49-->src/main/AndroidManifest.xml:26:13-29:17
50                android:name="io.flutter.embedding.android.NormalTheme"
50-->src/main/AndroidManifest.xml:27:15-70
51                android:resource="@style/NormalTheme" />
51-->src/main/AndroidManifest.xml:28:15-52
52            <!--
53                 Displays an Android View that continues showing the launch screen
54                 Drawable until Flutter paints its first frame, then this splash
55                 screen fades out. A splash screen is useful to avoid any visual
56                 gap between the end of Android's launch screen and the painting of
57                 Flutter's first frame.
58            -->
59            <meta-data
59-->src/main/AndroidManifest.xml:35:13-38:17
60                android:name="io.flutter.embedding.android.SplashScreenDrawable"
60-->src/main/AndroidManifest.xml:36:15-79
61                android:resource="@drawable/launch_background" />
61-->src/main/AndroidManifest.xml:37:15-61
62
63            <intent-filter>
63-->src/main/AndroidManifest.xml:39:13-42:29
64                <action android:name="android.intent.action.MAIN" />
64-->src/main/AndroidManifest.xml:40:17-68
64-->src/main/AndroidManifest.xml:40:25-66
65
66                <category android:name="android.intent.category.LAUNCHER" />
66-->src/main/AndroidManifest.xml:41:17-76
66-->src/main/AndroidManifest.xml:41:27-74
67            </intent-filter>
68        </activity>
69        <!--
70             Don't delete the meta-data below.
71             This is used by the Flutter tool to generate GeneratedPluginRegistrant.java
72        -->
73        <meta-data
73-->src/main/AndroidManifest.xml:46:9-48:33
74            android:name="flutterEmbedding"
74-->src/main/AndroidManifest.xml:47:13-44
75            android:value="2" />
75-->src/main/AndroidManifest.xml:48:13-30
76        <!--
77             Indicates that app requires ARCore ("AR Required"). Causes Google
78             Play Store to download and install ARCore when the app is installed.
79        -->
80        <meta-data
80-->[:arcore_flutter_plugin] AndroidManifest.xml:26:9-28:40
81            android:name="com.google.ar.core"
81-->[:arcore_flutter_plugin] AndroidManifest.xml:27:13-46
82            android:value="optional" /> <!-- The minimal version code of ARCore APK required for an app using this SDK. -->
82-->[:arcore_flutter_plugin] AndroidManifest.xml:28:13-37
83        <meta-data
83-->[com.google.ar:core:1.13.0] AndroidManifest.xml:33:9-35:41
84            android:name="com.google.ar.core.min_apk_version"
84-->[com.google.ar:core:1.13.0] AndroidManifest.xml:34:13-62
85            android:value="190919000" /> <!-- This activity is critical for installing ARCore when it is not already present. -->
85-->[com.google.ar:core:1.13.0] AndroidManifest.xml:35:13-38
86        <activity
86-->[com.google.ar:core:1.13.0] AndroidManifest.xml:37:9-43:80
87            android:name="com.google.ar.core.InstallActivity"
87-->[com.google.ar:core:1.13.0] AndroidManifest.xml:38:13-62
88            android:configChanges="keyboardHidden|orientation|screenSize"
88-->[com.google.ar:core:1.13.0] AndroidManifest.xml:39:13-74
89            android:excludeFromRecents="true"
89-->[com.google.ar:core:1.13.0] AndroidManifest.xml:40:13-46
90            android:exported="false"
90-->[com.google.ar:core:1.13.0] AndroidManifest.xml:41:13-37
91            android:launchMode="singleTop"
91-->[com.google.ar:core:1.13.0] AndroidManifest.xml:42:13-43
92            android:theme="@android:style/Theme.Material.Light.Dialog.Alert" />
92-->[com.google.ar:core:1.13.0] AndroidManifest.xml:43:13-77
93    </application>
94
95</manifest>